::1 - - [05/Oct/2019:20:55:49 +0000] "GET /usuario HTTP/1.1" 200 95 "-" "PostmanRuntime/7.17.1"
::1 - - [05/Oct/2019:21:22:55 +0000] "GET /usuario HTTP/1.1" 200 95 "-" "PostmanRuntime/7.17.1"
::1 - - [05/Oct/2019:21:34:31 +0000] "GET /cotization/ HTTP/1.1" 200 - "-" "PostmanRuntime/7.17.1"
::1 - - [05/Oct/2019:21:35:51 +0000] "GET /cotization/ HTTP/1.1" 200 - "-" "PostmanRuntime/7.17.1"
::1 - - [05/Oct/2019:21:37:03 +0000] "GET /cotization/ HTTP/1.1" 200 94 "-" "PostmanRuntime/7.17.1"
::1 - - [05/Oct/2019:21:51:56 +0000] "GET /cotization/ HTTP/1.1" 200 65 "-" "PostmanRuntime/7.17.1"
::1 - - [05/Oct/2019:21:58:00 +0000] "GET /cotization/ HTTP/1.1" 200 60 "-" "PostmanRuntime/7.17.1"
::1 - - [05/Oct/2019:22:06:44 +0000] "GET /cotization/ HTTP/1.1" 200 60 "-" "PostmanRuntime/7.17.1"
::1 - - [05/Oct/2019:22:06:47 +0000] "GET /usuario HTTP/1.1" 200 95 "-" "PostmanRuntime/7.17.1"
::1 - - [05/Oct/2019:22:06:57 +0000] "GET /usuario/007 HTTP/1.1" 200 98 "-" "PostmanRuntime/7.17.1"
::1 - - [05/Oct/2019:22:08:20 +0000] "GET /usuario/007 HTTP/1.1" 200 98 "-" "PostmanRuntime/7.17.1"
::1 - - [06/Oct/2019:20:14:32 +0000] "POST /login HTTP/1.1" 200 395 "-" "PostmanRuntime/7.17.1"
::1 - - [06/Oct/2019:20:27:30 +0000] "GET /cot/ HTTP/1.1" 500 2511 "-" "PostmanRuntime/7.17.1"
::1 - - [06/Oct/2019:20:28:02 +0000] "GET /cot HTTP/1.1" 500 2511 "-" "PostmanRuntime/7.17.1"
::1 - - [06/Oct/2019:20:28:33 +0000] "GET /cot HTTP/1.1" 500 2511 "-" "PostmanRuntime/7.17.1"
::1 - - [06/Oct/2019:20:29:31 +0000] "GET /cot HTTP/1.1" 200 57 "-" "PostmanRuntime/7.17.1"
::1 - - [06/Oct/2019:20:30:09 +0000] "GET /cot HTTP/1.1" 200 57 "-" "PostmanRuntime/7.17.1"
::1 - - [06/Oct/2019:20:31:27 +0000] "GET /cot HTTP/1.1" 200 57 "-" "PostmanRuntime/7.17.1"
::1 - - [06/Oct/2019:20:32:00 +0000] "GET /cot HTTP/1.1" 200 57 "-" "PostmanRuntime/7.17.1"
::1 - - [06/Oct/2019:20:33:49 +0000] "GET /cot HTTP/1.1" 200 57 "-" "PostmanRuntime/7.17.1"
::1 - - [06/Oct/2019:20:34:20 +0000] "GET /cot HTTP/1.1" 200 57 "-" "PostmanRuntime/7.17.1"
::1 - - [06/Oct/2019:20:39:12 +0000] "GET /cot HTTP/1.1" 200 57 "-" "PostmanRuntime/7.17.1"
::1 - - [06/Oct/2019:20:40:43 +0000] "GET /cot HTTP/1.1" 200 57 "-" "PostmanRuntime/7.17.1"
::1 - - [06/Oct/2019:20:41:22 +0000] "GET /cot HTTP/1.1" 200 57 "-" "PostmanRuntime/7.17.1"
::1 - - [06/Oct/2019:20:41:49 +0000] "GET /cot HTTP/1.1" 200 57 "-" "PostmanRuntime/7.17.1"
::1 - - [06/Oct/2019:20:53:16 +0000] "GET /cot HTTP/1.1" 200 57 "-" "PostmanRuntime/7.17.1"
::1 - - [06/Oct/2019:20:54:14 +0000] "GET /cot HTTP/1.1" 200 57 "-" "PostmanRuntime/7.17.1"
::1 - - [06/Oct/2019:20:54:56 +0000] "GET /cot HTTP/1.1" 200 57 "-" "PostmanRuntime/7.17.1"
::1 - - [06/Oct/2019:20:55:37 +0000] "GET /cot HTTP/1.1" 200 57 "-" "PostmanRuntime/7.17.1"
::1 - - [06/Oct/2019:20:57:13 +0000] "GET /cot HTTP/1.1" 200 57 "-" "PostmanRuntime/7.17.1"
::1 - - [06/Oct/2019:20:57:55 +0000] "GET /cot HTTP/1.1" 200 57 "-" "PostmanRuntime/7.17.1"
::1 - - [06/Oct/2019:20:58:15 +0000] "GET /cot HTTP/1.1" 200 57 "-" "PostmanRuntime/7.17.1"
::ffff:127.0.0.1 - - [06/Oct/2019:20:58:57 +0000] "GET /cot HTTP/1.1" 200 57 "-" "PostmanRuntime/7.17.1"
::1 - - [06/Oct/2019:20:59:24 +0000] "GET /cot HTTP/1.1" 200 57 "-" "PostmanRuntime/7.17.1"
::1 - - [06/Oct/2019:20:59:53 +0000] "GET /cot HTTP/1.1" 200 57 "-" "PostmanRuntime/7.17.1"
::1 - - [06/Oct/2019:21:00:19 +0000] "GET /cot HTTP/1.1" 200 57 "-" "PostmanRuntime/7.17.1"
::1 - - [06/Oct/2019:21:01:03 +0000] "GET /cot HTTP/1.1" 200 57 "-" "PostmanRuntime/7.17.1"
::1 - - [06/Oct/2019:21:01:48 +0000] "GET /cot HTTP/1.1" 200 57 "-" "PostmanRuntime/7.17.1"
::1 - - [06/Oct/2019:21:02:08 +0000] "GET /cot HTTP/1.1" 200 57 "-" "PostmanRuntime/7.17.1"
::1 - - [06/Oct/2019:21:03:16 +0000] "GET /cot HTTP/1.1" 200 57 "-" "PostmanRuntime/7.17.1"
::1 - - [06/Oct/2019:21:05:18 +0000] "GET /cot HTTP/1.1" 200 57 "-" "PostmanRuntime/7.17.1"
::1 - - [06/Oct/2019:21:05:50 +0000] "GET /cot HTTP/1.1" 200 57 "-" "PostmanRuntime/7.17.1"
::1 - - [06/Oct/2019:21:06:55 +0000] "GET /cot HTTP/1.1" 200 57 "-" "PostmanRuntime/7.17.1"
::1 - - [06/Oct/2019:21:07:30 +0000] "GET /cot HTTP/1.1" 200 57 "-" "PostmanRuntime/7.17.1"
::1 - - [06/Oct/2019:21:07:50 +0000] "GET /cot HTTP/1.1" 200 57 "-" "PostmanRuntime/7.17.1"
::1 - - [06/Oct/2019:21:08:28 +0000] "GET /cot HTTP/1.1" 200 57 "-" "PostmanRuntime/7.17.1"
::ffff:127.0.0.1 - - [06/Oct/2019:21:11:06 +0000] "GET /cot HTTP/1.1" 200 57 "-" "PostmanRuntime/7.17.1"
::1 - - [06/Oct/2019:21:12:51 +0000] "GET /cot HTTP/1.1" 200 57 "-" "PostmanRuntime/7.17.1"
::ffff:127.0.0.1 - - [06/Oct/2019:21:14:23 +0000] "GET /cot HTTP/1.1" 200 57 "-" "PostmanRuntime/7.17.1"
::1 - - [06/Oct/2019:21:15:12 +0000] "GET /cot HTTP/1.1" 200 57 "-" "PostmanRuntime/7.17.1"
::1 - - [06/Oct/2019:21:15:46 +0000] "GET /cot HTTP/1.1" 200 57 "-" "PostmanRuntime/7.17.1"
::1 - - [06/Oct/2019:21:16:32 +0000] "GET /cot HTTP/1.1" 200 57 "-" "PostmanRuntime/7.17.1"
::ffff:127.0.0.1 - - [06/Oct/2019:21:22:44 +0000] "GET /cot HTTP/1.1" 200 57 "-" "PostmanRuntime/7.17.1"
::1 - - [06/Oct/2019:21:23:26 +0000] "GET /cot HTTP/1.1" 200 57 "-" "PostmanRuntime/7.17.1"
::1 - - [06/Oct/2019:21:24:52 +0000] "GET /cot HTTP/1.1" 200 57 "-" "PostmanRuntime/7.17.1"
::ffff:127.0.0.1 - - [06/Oct/2019:21:25:39 +0000] "GET /cot HTTP/1.1" 200 57 "-" "PostmanRuntime/7.17.1"
::1 - - [06/Oct/2019:21:26:48 +0000] "GET /cot HTTP/1.1" 200 57 "-" "PostmanRuntime/7.17.1"
::1 - - [06/Oct/2019:21:27:45 +0000] "GET /cot HTTP/1.1" 200 57 "-" "PostmanRuntime/7.17.1"
::1 - - [06/Oct/2019:21:30:39 +0000] "GET /cot HTTP/1.1" 200 57 "-" "PostmanRuntime/7.17.1"
::ffff:127.0.0.1 - - [06/Oct/2019:21:31:17 +0000] "GET /cot HTTP/1.1" 200 57 "-" "PostmanRuntime/7.17.1"
::1 - - [06/Oct/2019:21:32:43 +0000] "GET /cot HTTP/1.1" 200 57 "-" "PostmanRuntime/7.17.1"
::1 - - [06/Oct/2019:21:33:32 +0000] "GET /cot HTTP/1.1" 200 57 "-" "PostmanRuntime/7.17.1"
::1 - - [06/Oct/2019:21:34:28 +0000] "GET /cot HTTP/1.1" 200 57 "-" "PostmanRuntime/7.17.1"
::ffff:127.0.0.1 - - [06/Oct/2019:21:34:55 +0000] "GET /cot HTTP/1.1" 200 57 "-" "PostmanRuntime/7.17.1"
::1 - - [06/Oct/2019:21:36:01 +0000] "GET /cot HTTP/1.1" 200 57 "-" "PostmanRuntime/7.17.1"
::1 - - [06/Oct/2019:21:36:44 +0000] "GET /cot HTTP/1.1" 200 57 "-" "PostmanRuntime/7.17.1"
::1 - - [06/Oct/2019:21:37:04 +0000] "GET /cot HTTP/1.1" 200 57 "-" "PostmanRuntime/7.17.1"
::1 - - [06/Oct/2019:21:37:51 +0000] "GET /cot HTTP/1.1" 200 57 "-" "PostmanRuntime/7.17.1"
::1 - - [06/Oct/2019:21:39:17 +0000] "GET /cot HTTP/1.1" 200 57 "-" "PostmanRuntime/7.17.1"
::1 - - [06/Oct/2019:21:41:08 +0000] "GET /cot HTTP/1.1" 200 57 "-" "PostmanRuntime/7.17.1"
::1 - - [06/Oct/2019:21:45:17 +0000] "GET /cot HTTP/1.1" 200 57 "-" "PostmanRuntime/7.17.1"
::1 - - [06/Oct/2019:21:46:39 +0000] "GET /cot HTTP/1.1" 200 57 "-" "PostmanRuntime/7.17.1"
::1 - - [06/Oct/2019:21:48:27 +0000] "GET /cot HTTP/1.1" 200 57 "-" "PostmanRuntime/7.17.1"
::1 - - [06/Oct/2019:21:48:53 +0000] "GET /cot HTTP/1.1" 200 57 "-" "PostmanRuntime/7.17.1"
::1 - - [06/Oct/2019:21:49:49 +0000] "GET /cot HTTP/1.1" 200 57 "-" "PostmanRuntime/7.17.1"
::1 - - [06/Oct/2019:21:50:16 +0000] "GET /cot HTTP/1.1" 200 57 "-" "PostmanRuntime/7.17.1"
::1 - - [06/Oct/2019:21:51:00 +0000] "GET /cot HTTP/1.1" 200 57 "-" "PostmanRuntime/7.17.1"
::1 - - [06/Oct/2019:21:52:49 +0000] "GET /cot HTTP/1.1" 200 57 "-" "PostmanRuntime/7.17.1"
::1 - - [06/Oct/2019:21:55:03 +0000] "GET /cot HTTP/1.1" 200 57 "-" "PostmanRuntime/7.17.1"
::ffff:127.0.0.1 - - [06/Oct/2019:21:55:30 +0000] "GET /cot HTTP/1.1" 200 98 "-" "PostmanRuntime/7.17.1"
::1 - - [06/Oct/2019:21:56:14 +0000] "GET /cot HTTP/1.1" 200 98 "-" "PostmanRuntime/7.17.1"
::1 - - [06/Oct/2019:22:01:37 +0000] "GET /cot HTTP/1.1" 500 2485 "-" "PostmanRuntime/7.17.1"
::1 - - [06/Oct/2019:22:02:34 +0000] "GET /cot HTTP/1.1" 500 2485 "-" "PostmanRuntime/7.17.1"
::1 - - [06/Oct/2019:22:03:14 +0000] "GET /cot HTTP/1.1" 500 2485 "-" "PostmanRuntime/7.17.1"
::1 - - [06/Oct/2019:22:03:36 +0000] "GET /cot HTTP/1.1" 200 - "-" "PostmanRuntime/7.17.1"
::1 - - [06/Oct/2019:22:04:22 +0000] "GET /cot HTTP/1.1" 200 - "-" "PostmanRuntime/7.17.1"
::1 - - [06/Oct/2019:22:04:40 +0000] "GET /cot HTTP/1.1" 200 - "-" "PostmanRuntime/7.17.1"
::1 - - [06/Oct/2019:22:05:04 +0000] "GET /cot HTTP/1.1" 200 - "-" "PostmanRuntime/7.17.1"
::1 - - [06/Oct/2019:22:05:54 +0000] "GET /cot HTTP/1.1" 200 - "-" "PostmanRuntime/7.17.1"
::1 - - [06/Oct/2019:22:06:38 +0000] "GET /cot HTTP/1.1" 200 - "-" "PostmanRuntime/7.17.1"
::1 - - [06/Oct/2019:22:07:07 +0000] "GET /cot HTTP/1.1" 200 - "-" "PostmanRuntime/7.17.1"
::1 - - [06/Oct/2019:22:08:02 +0000] "GET /cot HTTP/1.1" 200 - "-" "PostmanRuntime/7.17.1"
::1 - - [06/Oct/2019:22:08:56 +0000] "GET /cot HTTP/1.1" 200 146 "-" "PostmanRuntime/7.17.1"
::1 - - [06/Oct/2019:22:10:40 +0000] "GET /cot HTTP/1.1" 200 166 "-" "PostmanRuntime/7.17.1"
::1 - - [06/Oct/2019:22:11:05 +0000] "GET /cot HTTP/1.1" 200 146 "-" "PostmanRuntime/7.17.1"
::1 - - [06/Oct/2019:22:14:30 +0000] "GET /cotization/ HTTP/1.1" 200 - "-" "PostmanRuntime/7.17.1"
::1 - - [06/Oct/2019:22:16:48 +0000] "GET /cotization/ HTTP/1.1" 200 - "-" "PostmanRuntime/7.17.1"
::1 - - [06/Oct/2019:22:17:14 +0000] "GET /cotization/ HTTP/1.1" 200 60 "-" "PostmanRuntime/7.17.1"
::1 - - [06/Oct/2019:22:18:07 +0000] "GET /cot/ HTTP/1.1" 200 60 "-" "PostmanRuntime/7.17.1"
::1 - - [06/Oct/2019:22:18:28 +0000] "GET /cotization HTTP/1.1" 200 146 "-" "PostmanRuntime/7.17.1"
::1 - - [06/Oct/2019:22:19:54 +0000] "GET /cotization HTTP/1.1" 200 147 "-" "PostmanRuntime/7.17.1"
::1 - - [06/Oct/2019:22:20:33 +0000] "GET /cotization HTTP/1.1" 200 141 "-" "PostmanRuntime/7.17.1"
::1 - - [06/Oct/2019:22:21:09 +0000] "GET /cotization HTTP/1.1" 200 141 "-" "PostmanRuntime/7.17.1"
::1 - - [06/Oct/2019:22:21:26 +0000] "GET /cotization?company=fb HTTP/1.1" 200 141 "-" "PostmanRuntime/7.17.1"
::1 - - [06/Oct/2019:22:21:34 +0000] "GET /cotization?company=googl HTTP/1.1" 200 141 "-" "PostmanRuntime/7.17.1"
::1 - - [06/Oct/2019:22:21:57 +0000] "GET /cotization?company=bf HTTP/1.1" 200 141 "-" "PostmanRuntime/7.17.1"
::1 - - [06/Oct/2019:22:24:15 +0000] "GET /cotization HTTP/1.1" 401 54 "-" "PostmanRuntime/7.17.1"
::1 - - [06/Oct/2019:22:24:25 +0000] "GET /cotization HTTP/1.1" 200 141 "-" "PostmanRuntime/7.17.1"
::1 - - [06/Oct/2019:22:25:39 +0000] "GET /cotization HTTP/1.1" 200 161 "-" "PostmanRuntime/7.17.1"
::1 - - [06/Oct/2019:22:26:05 +0000] "GET /cotization HTTP/1.1" 200 141 "-" "PostmanRuntime/7.17.1"
::1 - - [07/Oct/2019:00:46:53 +0000] "GET /cotization HTTP/1.1" 200 167 "-" "PostmanRuntime/7.17.1"
::1 - - [07/Oct/2019:00:52:49 +0000] "GET /cotization HTTP/1.1" 200 167 "-" "PostmanRuntime/7.17.1"
::1 - - [07/Oct/2019:00:53:19 +0000] "GET /cotization HTTP/1.1" 200 171 "-" "PostmanRuntime/7.17.1"
::1 - - [07/Oct/2019:00:53:52 +0000] "GET /cotization HTTP/1.1" 200 169 "-" "PostmanRuntime/7.17.1"
::ffff:127.0.0.1 - - [07/Oct/2019:00:54:02 +0000] "GET /cotization HTTP/1.1" 200 170 "-" "PostmanRuntime/7.17.1"
::ffff:127.0.0.1 - - [07/Oct/2019:00:54:33 +0000] "GET /cotization HTTP/1.1" 200 170 "-" "PostmanRuntime/7.17.1"
::1 - - [07/Oct/2019:00:55:28 +0000] "GET /cotization HTTP/1.1" 200 167 "-" "PostmanRuntime/7.17.1"
<<<<<<< HEAD
::1 - - [07/Oct/2019:01:53:32 +0000] "POST /login HTTP/1.1" 200 395 "-" "PostmanRuntime/7.15.0"
::1 - - [07/Oct/2019:01:54:55 +0000] "GET /cotization HTTP/1.1" 401 73 "-" "PostmanRuntime/7.15.0"
::1 - - [07/Oct/2019:01:55:43 +0000] "GET /cotization HTTP/1.1" 401 73 "-" "PostmanRuntime/7.15.0"
::1 - - [07/Oct/2019:01:57:45 +0000] "POST /login HTTP/1.1" 200 395 "-" "PostmanRuntime/7.15.0"
::1 - - [07/Oct/2019:01:58:20 +0000] "GET /usuario HTTP/1.1" 401 73 "-" "PostmanRuntime/7.15.0"
::1 - - [07/Oct/2019:02:02:47 +0000] "POST /login HTTP/1.1" 200 395 "-" "PostmanRuntime/7.15.0"
::1 - - [07/Oct/2019:02:05:05 +0000] "GET /cotization HTTP/1.1" 401 73 "-" "PostmanRuntime/7.15.0"
::1 - - [07/Oct/2019:19:27:58 +0000] "POST /login HTTP/1.1" 200 395 "-" "PostmanRuntime/7.17.1"
::1 - - [07/Oct/2019:19:28:14 +0000] "GET /cotization HTTP/1.1" 401 73 "-" "PostmanRuntime/7.17.1"
::1 - - [07/Oct/2019:19:29:37 +0000] "GET /cotization?company=bf HTTP/1.1" 401 73 "-" "PostmanRuntime/7.17.1"
::1 - - [07/Oct/2019:19:30:18 +0000] "GET /cotization?company=bf HTTP/1.1" 200 167 "-" "PostmanRuntime/7.17.1"
::1 - - [08/Oct/2019:02:11:25 +0000] "GET /cotization?company=bf HTTP/1.1" 200 167 "-" "PostmanRuntime/7.17.1"
=======
::1 - - [07/Oct/2019:01:59:02 +0000] "GET /usuario/007 HTTP/1.1" 200 98 "-" "PostmanRuntime/7.17.1"
::1 - - [08/Oct/2019:20:34:33 +0000] "GET /cotization HTTP/1.1" 200 167 "-" "PostmanRuntime/7.17.1"
::1 - - [08/Oct/2019:20:34:55 +0000] "GET /cotization HTTP/1.1" 200 172 "-" "PostmanRuntime/7.17.1"
::1 - - [08/Oct/2019:20:35:04 +0000] "GET /cotization HTTP/1.1" 401 57 "-" "PostmanRuntime/7.17.1"
::1 - - [08/Oct/2019:20:35:10 +0000] "GET /cotization HTTP/1.1" 200 173 "-" "PostmanRuntime/7.17.1"
::1 - - [11/Oct/2019:18:40:06 +0000] "GET /cotization HTTP/1.1" 200 173 "-" "PostmanRuntime/7.17.1"
::1 - - [11/Oct/2019:18:40:59 +0000] "GET /usuario/007 HTTP/1.1" 200 98 "-" "PostmanRuntime/7.17.1"
::1 - - [11/Oct/2019:18:41:12 +0000] "POST /usuario HTTP/1.1" 200 116 "-" "PostmanRuntime/7.17.1"
::1 - - [11/Oct/2019:18:41:39 +0000] "POST /usuario HTTP/1.1" 200 92 "-" "PostmanRuntime/7.17.1"
::1 - - [11/Oct/2019:18:43:04 +0000] "GET /usuario/007 HTTP/1.1" 200 98 "-" "PostmanRuntime/7.17.1"
::1 - - [11/Oct/2019:18:43:30 +0000] "GET /usuario HTTP/1.1" 200 177 "-" "PostmanRuntime/7.17.1"
::1 - - [11/Oct/2019:18:43:49 +0000] "DELETE /usuario/5da0ccc8f0242d2c20bf83e9 HTTP/1.1" 200 118 "-" "PostmanRuntime/7.17.1"
::1 - - [11/Oct/2019:18:43:55 +0000] "GET /usuario HTTP/1.1" 200 95 "-" "PostmanRuntime/7.17.1"
::1 - - [11/Oct/2019:18:44:15 +0000] "GET /cotization HTTP/1.1" 200 173 "-" "PostmanRuntime/7.17.1"
::1 - - [11/Oct/2019:18:44:30 +0000] "GET /cotization HTTP/1.1" 200 172 "-" "PostmanRuntime/7.17.1"
::1 - - [11/Oct/2019:18:52:34 +0000] "GET /cotization HTTP/1.1" 500 2489 "-" "PostmanRuntime/7.17.1"
::1 - - [11/Oct/2019:18:53:32 +0000] "GET /cotization HTTP/1.1" 500 2485 "-" "PostmanRuntime/7.17.1"
::1 - - [11/Oct/2019:18:53:43 +0000] "GET /cotization HTTP/1.1" 500 2495 "-" "PostmanRuntime/7.17.1"
::1 - - [11/Oct/2019:18:54:21 +0000] "GET /cotization HTTP/1.1" 500 2495 "-" "PostmanRuntime/7.17.1"
::1 - - [11/Oct/2019:18:55:16 +0000] "GET /cotization HTTP/1.1" 500 2476 "-" "PostmanRuntime/7.17.1"
::1 - - [11/Oct/2019:18:56:36 +0000] "GET /cotization HTTP/1.1" 500 2478 "-" "PostmanRuntime/7.17.1"
::1 - - [11/Oct/2019:18:57:07 +0000] "POST /login HTTP/1.1" 200 395 "-" "PostmanRuntime/7.17.1"
::1 - - [11/Oct/2019:18:57:48 +0000] "GET /cotization HTTP/1.1" - - "-" "PostmanRuntime/7.17.1"
::1 - - [11/Oct/2019:18:59:49 +0000] "GET /cotization HTTP/1.1" - - "-" "PostmanRuntime/7.17.1"
::1 - - [11/Oct/2019:19:02:09 +0000] "GET /cotization HTTP/1.1" - - "-" "PostmanRuntime/7.17.1"
::1 - - [11/Oct/2019:19:03:32 +0000] "GET /cotization HTTP/1.1" - - "-" "PostmanRuntime/7.17.1"
::1 - - [11/Oct/2019:19:04:55 +0000] "GET /cotization HTTP/1.1" - - "-" "PostmanRuntime/7.17.1"
::1 - - [11/Oct/2019:19:06:58 +0000] "GET /cotization HTTP/1.1" 500 2476 "-" "PostmanRuntime/7.17.1"
::1 - - [11/Oct/2019:19:08:24 +0000] "GET /cotization HTTP/1.1" 200 172 "-" "PostmanRuntime/7.17.1"
::1 - - [11/Oct/2019:19:09:40 +0000] "GET /cotization HTTP/1.1" 200 172 "-" "PostmanRuntime/7.17.1"
::1 - - [11/Oct/2019:19:49:24 +0000] "GET /cotization HTTP/1.1" 200 172 "-" "PostmanRuntime/7.17.1"
::1 - - [11/Oct/2019:19:49:34 +0000] "GET /cotization HTTP/1.1" 200 172 "-" "PostmanRuntime/7.17.1"
::1 - - [11/Oct/2019:19:49:43 +0000] "GET /usuario HTTP/1.1" 200 95 "-" "PostmanRuntime/7.17.1"
::1 - - [11/Oct/2019:19:49:55 +0000] "GET /usuario/007 HTTP/1.1" 200 98 "-" "PostmanRuntime/7.17.1"
::1 - - [11/Oct/2019:19:50:11 +0000] "POST /usuario HTTP/1.1" 200 116 "-" "PostmanRuntime/7.17.1"
::1 - - [11/Oct/2019:19:50:21 +0000] "GET /usuario HTTP/1.1" 200 177 "-" "PostmanRuntime/7.17.1"
::1 - - [11/Oct/2019:19:50:42 +0000] "POST /login HTTP/1.1" 200 395 "-" "PostmanRuntime/7.17.1"
>>>>>>> 75e9690fc5d116858d522f3f9dc522f7e032b79f
